2020-03-24 18:20:42,331 INFO o.a.j.u.JMeterUtils: Setting Locale to en_EN
2020-03-24 18:20:42,393 INFO o.a.j.JMeter: Loading user properties from: user.properties
2020-03-24 18:20:42,394 INFO o.a.j.JMeter: Loading system properties from: system.properties
2020-03-24 18:20:42,396 INFO o.a.j.JMeter: Copyright (c) 1998-2019 The Apache Software Foundation
2020-03-24 18:20:42,396 INFO o.a.j.JMeter: Version 5.2.1
2020-03-24 18:20:42,397 INFO o.a.j.JMeter: java.version=11.0.5
2020-03-24 18:20:42,397 INFO o.a.j.JMeter: java.vm.name=OpenJDK 64-Bit Server VM
2020-03-24 18:20:42,397 INFO o.a.j.JMeter: os.name=Linux
2020-03-24 18:20:42,397 INFO o.a.j.JMeter: os.arch=amd64
2020-03-24 18:20:42,397 INFO o.a.j.JMeter: os.version=4.19.85-1-MANJARO
2020-03-24 18:20:42,398 INFO o.a.j.JMeter: file.encoding=UTF-8
2020-03-24 18:20:42,398 INFO o.a.j.JMeter: java.awt.headless=null
2020-03-24 18:20:42,398 INFO o.a.j.JMeter: Max memory     =1073741824
2020-03-24 18:20:42,399 INFO o.a.j.JMeter: Available Processors =4
2020-03-24 18:20:42,418 INFO o.a.j.JMeter: Default Locale=English (EN)
2020-03-24 18:20:42,419 INFO o.a.j.JMeter: JMeter  Locale=English (EN)
2020-03-24 18:20:42,419 INFO o.a.j.JMeter: JMeterHome=/home/thegentleman/Schreibtisch/JMeter Testing/apache-jmeter-5.2.1
2020-03-24 18:20:42,419 INFO o.a.j.JMeter: user.dir  =/home/thegentleman/Schreibtisch/JMeter Testing/apache-jmeter-5.2.1/bin
2020-03-24 18:20:42,419 INFO o.a.j.JMeter: PWD       =/home/thegentleman/Schreibtisch/JMeter Testing/apache-jmeter-5.2.1/bin
2020-03-24 18:20:42,420 INFO o.a.j.JMeter: IP: 127.0.1.1 Name: ManjaroVM FullName: ManjaroVM
2020-03-24 18:20:42,987 INFO o.a.j.g.a.LookAndFeelCommand: Installing Darcula LAF
2020-03-24 18:20:43,041 INFO o.a.j.g.a.LookAndFeelCommand: Using look and feel: com.bulenkov.darcula.DarculaLaf [Darcula]
2020-03-24 18:20:43,041 INFO o.a.j.JMeter: Setting LAF to: com.bulenkov.darcula.DarculaLaf
2020-03-24 18:20:43,167 INFO o.a.j.JMeter: Loaded icon properties from org/apache/jmeter/images/icon.properties
2020-03-24 18:20:44,496 INFO o.j.r.JARSourceHTTP: Found cached repo
2020-03-24 18:20:45,013 INFO o.j.r.PluginManager: Plugins Status: [kafkameter=0.2.0, jpgc-plugins-manager=1.3, jmeter-core=5.2.1, jmeter-ftp=5.2.1, jmeter-http=5.2.1, jmeter-jdbc=5.2.1, jmeter-jms=5.2.1, jmeter-junit=5.2.1, jmeter-java=5.2.1, jmeter-ldap=5.2.1, jmeter-mail=5.2.1, jmeter-mongodb=5.2.1, jmeter-native=5.2.1, jmeter-tcp=5.2.1, jmeter-components=5.2.1]
2020-03-24 18:20:48,095 INFO o.a.j.p.h.s.HTTPSamplerBase: Parser for text/html is org.apache.jmeter.protocol.http.parser.LagartoBasedHtmlParser
2020-03-24 18:20:48,096 INFO o.a.j.p.h.s.HTTPSamplerBase: Parser for application/xhtml+xml is org.apache.jmeter.protocol.http.parser.LagartoBasedHtmlParser
2020-03-24 18:20:48,096 INFO o.a.j.p.h.s.HTTPSamplerBase: Parser for application/xml is org.apache.jmeter.protocol.http.parser.LagartoBasedHtmlParser
2020-03-24 18:20:48,096 INFO o.a.j.p.h.s.HTTPSamplerBase: Parser for text/xml is org.apache.jmeter.protocol.http.parser.LagartoBasedHtmlParser
2020-03-24 18:20:48,096 INFO o.a.j.p.h.s.HTTPSamplerBase: Parser for text/vnd.wap.wml is org.apache.jmeter.protocol.http.parser.RegexpHTMLParser
2020-03-24 18:20:48,097 INFO o.a.j.p.h.s.HTTPSamplerBase: Parser for text/css is org.apache.jmeter.protocol.http.parser.CssParser
2020-03-24 18:20:48,798 INFO o.a.j.e.KeyToolUtils: keytool found at 'keytool'
2020-03-24 18:20:48,800 INFO o.a.j.p.h.p.ProxyControl: HTTP(S) Test Script Recorder SSL Proxy will use keys that support embedded 3rd party resources in file /home/thegentleman/Schreibtisch/JMeter Testing/apache-jmeter-5.2.1/bin/proxyserver.jks
2020-03-24 18:20:49,014 INFO o.a.j.s.FileServer: Default base='/home/thegentleman/Schreibtisch/JMeter Testing/apache-jmeter-5.2.1/bin'
2020-03-24 18:20:49,514 INFO o.a.j.s.SampleResult: Note: Sample TimeStamps are START times
2020-03-24 18:20:49,514 INFO o.a.j.s.SampleResult: sampleresult.default.encoding is set to ISO-8859-1
2020-03-24 18:20:49,515 INFO o.a.j.s.SampleResult: sampleresult.useNanoTime=true
2020-03-24 18:20:49,515 INFO o.a.j.s.SampleResult: sampleresult.nanoThreadSleep=5000
2020-03-24 18:20:49,547 INFO o.a.j.v.ViewResultsFullVisualizer: Add JavaFX to your Java installation if you want to use renderer: org.apache.jmeter.visualizers.RenderInBrowser
2020-03-24 18:20:52,045 INFO o.a.j.g.a.Load: Loading file: /home/thegentleman/Schreibtisch/JMeter Testing/apache-jmeter-5.2.1/Test Plans/Kafka Demo.jmx
2020-03-24 18:20:52,052 INFO o.a.j.s.FileServer: Set new base='/home/thegentleman/Schreibtisch/JMeter Testing/apache-jmeter-5.2.1/Test Plans'
2020-03-24 18:20:52,271 INFO o.a.j.s.SaveService: Testplan (JMX) version: 2.2. Testlog (JTL) version: 2.2
2020-03-24 18:20:52,297 INFO o.a.j.s.SaveService: Using SaveService properties version 5.0
2020-03-24 18:20:52,300 INFO o.a.j.s.SaveService: Using SaveService properties file encoding UTF-8
2020-03-24 18:20:52,304 INFO o.a.j.s.SaveService: Loading file: /home/thegentleman/Schreibtisch/JMeter Testing/apache-jmeter-5.2.1/Test Plans/Kafka Demo.jmx
2020-03-24 18:20:52,685 INFO o.a.j.v.ViewResultsFullVisualizer: Add JavaFX to your Java installation if you want to use renderer: org.apache.jmeter.visualizers.RenderInBrowser
2020-03-24 18:20:52,752 INFO o.a.j.s.FileServer: Set new base='/home/thegentleman/Schreibtisch/JMeter Testing/apache-jmeter-5.2.1/Test Plans'
2020-03-24 18:30:49,892 INFO o.a.j.s.FileServer: Set new base='/home/thegentleman/Schreibtisch/JMeter Testing/apache-jmeter-5.2.1/Test Plans'
