2020-03-31 18:05:54,427 INFO o.a.j.u.JMeterUtils: Setting Locale to de_DE
2020-03-31 18:05:54,599 INFO o.a.j.u.JMeterUtils: Could not find resources for 'de_DE', using 'de'
2020-03-31 18:05:54,600 INFO o.a.j.JMeter: Loading user properties from: /home/thegentleman/Schreibtisch/JMeter Testing/apache-jmeter-5.2.1/bin/user.properties
2020-03-31 18:05:54,601 INFO o.a.j.JMeter: Loading system properties from: /home/thegentleman/Schreibtisch/JMeter Testing/apache-jmeter-5.2.1/bin/system.properties
2020-03-31 18:05:54,604 INFO o.a.j.JMeter: Copyright (c) 1998-2019 The Apache Software Foundation
2020-03-31 18:05:54,604 INFO o.a.j.JMeter: Version 5.2.1
2020-03-31 18:05:54,604 INFO o.a.j.JMeter: java.version=11.0.5
2020-03-31 18:05:54,604 INFO o.a.j.JMeter: java.vm.name=OpenJDK 64-Bit Server VM
2020-03-31 18:05:54,604 INFO o.a.j.JMeter: os.name=Linux
2020-03-31 18:05:54,604 INFO o.a.j.JMeter: os.arch=amd64
2020-03-31 18:05:54,604 INFO o.a.j.JMeter: os.version=4.19.85-1-MANJARO
2020-03-31 18:05:54,605 INFO o.a.j.JMeter: file.encoding=UTF-8
2020-03-31 18:05:54,605 INFO o.a.j.JMeter: java.awt.headless=null
2020-03-31 18:05:54,605 INFO o.a.j.JMeter: Max memory     =2558525440
2020-03-31 18:05:54,605 INFO o.a.j.JMeter: Available Processors =4
2020-03-31 18:05:54,675 INFO o.a.j.JMeter: Default Locale=Deutsch (Deutschland)
2020-03-31 18:05:54,675 INFO o.a.j.JMeter: JMeter  Locale=Deutsch (Deutschland)
2020-03-31 18:05:54,675 INFO o.a.j.JMeter: JMeterHome=/home/thegentleman/Schreibtisch/JMeter Testing/apache-jmeter-5.2.1
2020-03-31 18:05:54,675 INFO o.a.j.JMeter: user.dir  =/home/thegentleman/Schreibtisch/JMeter Testing/apache-jmeter-5.2.1
2020-03-31 18:05:54,676 INFO o.a.j.JMeter: PWD       =/home/thegentleman/Schreibtisch/JMeter Testing/apache-jmeter-5.2.1
2020-03-31 18:05:54,676 INFO o.a.j.JMeter: IP: 127.0.1.1 Name: ManjaroVM FullName: ManjaroVM
2020-03-31 18:05:56,120 INFO o.a.j.g.a.LookAndFeelCommand: Installing Darcula LAF
2020-03-31 18:05:56,266 INFO o.a.j.g.a.LookAndFeelCommand: Using look and feel: com.bulenkov.darcula.DarculaLaf [Darcula]
2020-03-31 18:05:56,266 INFO o.a.j.JMeter: Setting LAF to: com.bulenkov.darcula.DarculaLaf
2020-03-31 18:05:56,533 INFO o.a.j.JMeter: Loaded icon properties from org/apache/jmeter/images/icon.properties
2020-03-31 18:05:58,977 INFO o.j.r.JARSourceHTTP: Requesting https://jmeter-plugins.org/repo/?installID=linux-0013dbc5513711cd384dca56a3c12d00-gui
2020-03-31 18:06:05,079 INFO o.j.r.PluginManager: Plugins Status: [kafkameter=0.2.0, jpgc-plugins-manager=1.3, jmeter-core=5.2.1, jmeter-ftp=5.2.1, jmeter-http=5.2.1, jmeter-jdbc=5.2.1, jmeter-jms=5.2.1, jmeter-junit=5.2.1, jmeter-java=5.2.1, jmeter-ldap=5.2.1, jmeter-mail=5.2.1, jmeter-mongodb=5.2.1, jmeter-native=5.2.1, jmeter-tcp=5.2.1, jmeter-components=5.2.1]
2020-03-31 18:06:09,292 INFO o.a.j.p.h.s.HTTPSamplerBase: Parser for text/html is org.apache.jmeter.protocol.http.parser.LagartoBasedHtmlParser
2020-03-31 18:06:09,293 INFO o.a.j.p.h.s.HTTPSamplerBase: Parser for application/xhtml+xml is org.apache.jmeter.protocol.http.parser.LagartoBasedHtmlParser
2020-03-31 18:06:09,293 INFO o.a.j.p.h.s.HTTPSamplerBase: Parser for application/xml is org.apache.jmeter.protocol.http.parser.LagartoBasedHtmlParser
2020-03-31 18:06:09,294 INFO o.a.j.p.h.s.HTTPSamplerBase: Parser for text/xml is org.apache.jmeter.protocol.http.parser.LagartoBasedHtmlParser
2020-03-31 18:06:09,294 INFO o.a.j.p.h.s.HTTPSamplerBase: Parser for text/vnd.wap.wml is org.apache.jmeter.protocol.http.parser.RegexpHTMLParser
2020-03-31 18:06:09,294 INFO o.a.j.p.h.s.HTTPSamplerBase: Parser for text/css is org.apache.jmeter.protocol.http.parser.CssParser
2020-03-31 18:06:10,178 INFO o.a.j.e.KeyToolUtils: keytool found at 'keytool'
2020-03-31 18:06:10,179 INFO o.a.j.p.h.p.ProxyControl: HTTP(S) Test Script Recorder SSL Proxy will use keys that support embedded 3rd party resources in file /home/thegentleman/Schreibtisch/JMeter Testing/apache-jmeter-5.2.1/bin/proxyserver.jks
2020-03-31 18:06:10,422 INFO o.a.j.s.FileServer: Default base='/home/thegentleman/Schreibtisch/JMeter Testing/apache-jmeter-5.2.1'
2020-03-31 18:06:11,190 INFO o.a.j.s.SampleResult: Note: Sample TimeStamps are START times
2020-03-31 18:06:11,191 INFO o.a.j.s.SampleResult: sampleresult.default.encoding is set to ISO-8859-1
2020-03-31 18:06:11,191 INFO o.a.j.s.SampleResult: sampleresult.useNanoTime=true
2020-03-31 18:06:11,191 INFO o.a.j.s.SampleResult: sampleresult.nanoThreadSleep=5000
2020-03-31 18:06:11,230 INFO o.a.j.v.ViewResultsFullVisualizer: Add JavaFX to your Java installation if you want to use renderer: org.apache.jmeter.visualizers.RenderInBrowser
2020-03-31 18:07:31,707 INFO o.a.j.g.a.Load: Loading file: /home/thegentleman/Schreibtisch/JMeter Testing/apache-jmeter-5.2.1/Test Plans/Kafka Request-repl1.jmx
2020-03-31 18:07:31,708 INFO o.a.j.s.FileServer: Set new base='/home/thegentleman/Schreibtisch/JMeter Testing/apache-jmeter-5.2.1/Test Plans'
2020-03-31 18:07:32,127 INFO o.a.j.s.SaveService: Testplan (JMX) version: 2.2. Testlog (JTL) version: 2.2
2020-03-31 18:07:32,169 INFO o.a.j.s.SaveService: Using SaveService properties version 5.0
2020-03-31 18:07:32,172 INFO o.a.j.s.SaveService: Using SaveService properties file encoding UTF-8
2020-03-31 18:07:32,177 INFO o.a.j.s.SaveService: Loading file: /home/thegentleman/Schreibtisch/JMeter Testing/apache-jmeter-5.2.1/Test Plans/Kafka Request-repl1.jmx
2020-03-31 18:07:32,787 INFO o.a.j.v.ViewResultsFullVisualizer: Add JavaFX to your Java installation if you want to use renderer: org.apache.jmeter.visualizers.RenderInBrowser
2020-03-31 18:07:32,874 INFO o.a.j.s.FileServer: Set new base='/home/thegentleman/Schreibtisch/JMeter Testing/apache-jmeter-5.2.1/Test Plans'
2020-03-31 18:07:56,085 INFO o.a.j.s.FileServer: Set new base='/home/thegentleman/Schreibtisch/JMeter Testing/apache-jmeter-5.2.1/Test Plans'
2020-03-31 18:08:02,356 INFO o.a.j.g.a.Load: Loading file: /home/thegentleman/Schreibtisch/JMeter Testing/apache-jmeter-5.2.1/Test Plans/Kafka Request-repl3.jmx
2020-03-31 18:08:02,362 INFO o.a.j.s.FileServer: Set new base='/home/thegentleman/Schreibtisch/JMeter Testing/apache-jmeter-5.2.1/Test Plans'
2020-03-31 18:08:02,362 INFO o.a.j.s.SaveService: Loading file: /home/thegentleman/Schreibtisch/JMeter Testing/apache-jmeter-5.2.1/Test Plans/Kafka Request-repl3.jmx
2020-03-31 18:08:02,445 INFO o.a.j.v.ViewResultsFullVisualizer: Add JavaFX to your Java installation if you want to use renderer: org.apache.jmeter.visualizers.RenderInBrowser
2020-03-31 18:08:02,498 INFO o.a.j.s.FileServer: Set new base='/home/thegentleman/Schreibtisch/JMeter Testing/apache-jmeter-5.2.1/Test Plans'
2020-03-31 18:08:16,560 INFO o.a.j.s.FileServer: Set new base='/home/thegentleman/Schreibtisch/JMeter Testing/apache-jmeter-5.2.1/Test Plans'
2020-03-31 18:08:24,706 INFO o.a.j.g.a.Load: Loading file: /home/thegentleman/Schreibtisch/JMeter Testing/apache-jmeter-5.2.1/Test Plans/Kafka Request-repl2.jmx
2020-03-31 18:08:24,708 INFO o.a.j.s.FileServer: Set new base='/home/thegentleman/Schreibtisch/JMeter Testing/apache-jmeter-5.2.1/Test Plans'
2020-03-31 18:08:24,709 INFO o.a.j.s.SaveService: Loading file: /home/thegentleman/Schreibtisch/JMeter Testing/apache-jmeter-5.2.1/Test Plans/Kafka Request-repl2.jmx
2020-03-31 18:08:24,809 INFO o.a.j.v.ViewResultsFullVisualizer: Add JavaFX to your Java installation if you want to use renderer: org.apache.jmeter.visualizers.RenderInBrowser
2020-03-31 18:08:24,861 INFO o.a.j.s.FileServer: Set new base='/home/thegentleman/Schreibtisch/JMeter Testing/apache-jmeter-5.2.1/Test Plans'
2020-03-31 18:08:40,534 INFO o.a.j.s.FileServer: Set new base='/home/thegentleman/Schreibtisch/JMeter Testing/apache-jmeter-5.2.1/Test Plans'
2020-03-31 18:08:51,478 INFO o.a.j.g.a.Load: Loading file: /home/thegentleman/Schreibtisch/JMeter Testing/apache-jmeter-5.2.1/Test Plans/Kafka Demo.jmx
2020-03-31 18:08:51,483 INFO o.a.j.s.FileServer: Set new base='/home/thegentleman/Schreibtisch/JMeter Testing/apache-jmeter-5.2.1/Test Plans'
2020-03-31 18:08:51,483 INFO o.a.j.s.SaveService: Loading file: /home/thegentleman/Schreibtisch/JMeter Testing/apache-jmeter-5.2.1/Test Plans/Kafka Demo.jmx
2020-03-31 18:08:51,583 INFO o.a.j.v.ViewResultsFullVisualizer: Add JavaFX to your Java installation if you want to use renderer: org.apache.jmeter.visualizers.RenderInBrowser
2020-03-31 18:08:51,634 INFO o.a.j.s.FileServer: Set new base='/home/thegentleman/Schreibtisch/JMeter Testing/apache-jmeter-5.2.1/Test Plans'
2020-03-31 18:09:03,442 INFO o.a.j.g.a.Load: Loading file: /home/thegentleman/Schreibtisch/JMeter Testing/apache-jmeter-5.2.1/Test Plans/Kafka Request-repl2-endless.jmx
2020-03-31 18:09:03,442 INFO o.a.j.s.FileServer: Set new base='/home/thegentleman/Schreibtisch/JMeter Testing/apache-jmeter-5.2.1/Test Plans'
2020-03-31 18:09:03,443 INFO o.a.j.s.SaveService: Loading file: /home/thegentleman/Schreibtisch/JMeter Testing/apache-jmeter-5.2.1/Test Plans/Kafka Request-repl2-endless.jmx
2020-03-31 18:09:03,493 INFO o.a.j.v.ViewResultsFullVisualizer: Add JavaFX to your Java installation if you want to use renderer: org.apache.jmeter.visualizers.RenderInBrowser
2020-03-31 18:09:03,540 INFO o.a.j.s.FileServer: Set new base='/home/thegentleman/Schreibtisch/JMeter Testing/apache-jmeter-5.2.1/Test Plans'
2020-03-31 18:09:18,915 INFO o.a.j.g.a.Load: Loading file: /home/thegentleman/Schreibtisch/JMeter Testing/apache-jmeter-5.2.1/Test Plans/Kafka Demo.jmx
2020-03-31 18:09:18,915 INFO o.a.j.s.FileServer: Set new base='/home/thegentleman/Schreibtisch/JMeter Testing/apache-jmeter-5.2.1/Test Plans'
2020-03-31 18:09:18,915 INFO o.a.j.s.SaveService: Loading file: /home/thegentleman/Schreibtisch/JMeter Testing/apache-jmeter-5.2.1/Test Plans/Kafka Demo.jmx
2020-03-31 18:09:18,963 INFO o.a.j.v.ViewResultsFullVisualizer: Add JavaFX to your Java installation if you want to use renderer: org.apache.jmeter.visualizers.RenderInBrowser
2020-03-31 18:09:19,011 INFO o.a.j.s.FileServer: Set new base='/home/thegentleman/Schreibtisch/JMeter Testing/apache-jmeter-5.2.1/Test Plans'
2020-03-31 18:09:23,560 INFO o.a.j.g.a.Load: Loading file: /home/thegentleman/Schreibtisch/JMeter Testing/apache-jmeter-5.2.1/Test Plans/Kafka Request-repl2-endless.jmx
2020-03-31 18:09:23,561 INFO o.a.j.s.FileServer: Set new base='/home/thegentleman/Schreibtisch/JMeter Testing/apache-jmeter-5.2.1/Test Plans'
2020-03-31 18:09:23,561 INFO o.a.j.s.SaveService: Loading file: /home/thegentleman/Schreibtisch/JMeter Testing/apache-jmeter-5.2.1/Test Plans/Kafka Request-repl2-endless.jmx
2020-03-31 18:09:23,623 INFO o.a.j.v.ViewResultsFullVisualizer: Add JavaFX to your Java installation if you want to use renderer: org.apache.jmeter.visualizers.RenderInBrowser
2020-03-31 18:09:23,665 INFO o.a.j.s.FileServer: Set new base='/home/thegentleman/Schreibtisch/JMeter Testing/apache-jmeter-5.2.1/Test Plans'
2020-03-31 18:09:33,939 INFO o.a.j.g.a.Load: Loading file: /home/thegentleman/Schreibtisch/JMeter Testing/apache-jmeter-5.2.1/Test Plans/Kafka Request-repl2.jmx
2020-03-31 18:09:33,940 INFO o.a.j.s.FileServer: Set new base='/home/thegentleman/Schreibtisch/JMeter Testing/apache-jmeter-5.2.1/Test Plans'
2020-03-31 18:09:33,940 INFO o.a.j.s.SaveService: Loading file: /home/thegentleman/Schreibtisch/JMeter Testing/apache-jmeter-5.2.1/Test Plans/Kafka Request-repl2.jmx
2020-03-31 18:09:33,979 INFO o.a.j.v.ViewResultsFullVisualizer: Add JavaFX to your Java installation if you want to use renderer: org.apache.jmeter.visualizers.RenderInBrowser
2020-03-31 18:09:34,024 INFO o.a.j.s.FileServer: Set new base='/home/thegentleman/Schreibtisch/JMeter Testing/apache-jmeter-5.2.1/Test Plans'
2020-03-31 18:09:44,158 INFO o.a.j.g.a.Load: Loading file: /home/thegentleman/Schreibtisch/JMeter Testing/apache-jmeter-5.2.1/Test Plans/Kafka Request-repl3-endless.jmx
2020-03-31 18:09:44,158 INFO o.a.j.s.FileServer: Set new base='/home/thegentleman/Schreibtisch/JMeter Testing/apache-jmeter-5.2.1/Test Plans'
2020-03-31 18:09:44,158 INFO o.a.j.s.SaveService: Loading file: /home/thegentleman/Schreibtisch/JMeter Testing/apache-jmeter-5.2.1/Test Plans/Kafka Request-repl3-endless.jmx
2020-03-31 18:09:44,202 INFO o.a.j.v.ViewResultsFullVisualizer: Add JavaFX to your Java installation if you want to use renderer: org.apache.jmeter.visualizers.RenderInBrowser
2020-03-31 18:09:44,248 INFO o.a.j.s.FileServer: Set new base='/home/thegentleman/Schreibtisch/JMeter Testing/apache-jmeter-5.2.1/Test Plans'
2020-03-31 18:09:55,830 INFO o.a.j.g.a.Load: Loading file: /home/thegentleman/Schreibtisch/JMeter Testing/apache-jmeter-5.2.1/Test Plans/Kafka Request-repl3.jmx
2020-03-31 18:09:55,831 INFO o.a.j.s.FileServer: Set new base='/home/thegentleman/Schreibtisch/JMeter Testing/apache-jmeter-5.2.1/Test Plans'
2020-03-31 18:09:55,831 INFO o.a.j.s.SaveService: Loading file: /home/thegentleman/Schreibtisch/JMeter Testing/apache-jmeter-5.2.1/Test Plans/Kafka Request-repl3.jmx
2020-03-31 18:09:55,876 INFO o.a.j.v.ViewResultsFullVisualizer: Add JavaFX to your Java installation if you want to use renderer: org.apache.jmeter.visualizers.RenderInBrowser
2020-03-31 18:09:55,948 INFO o.a.j.s.FileServer: Set new base='/home/thegentleman/Schreibtisch/JMeter Testing/apache-jmeter-5.2.1/Test Plans'
2020-03-31 18:10:05,472 INFO o.a.j.g.a.Load: Loading file: /home/thegentleman/Schreibtisch/JMeter Testing/apache-jmeter-5.2.1/Test Plans/Kafka Request-repl1-endless.jmx
2020-03-31 18:10:05,473 INFO o.a.j.s.FileServer: Set new base='/home/thegentleman/Schreibtisch/JMeter Testing/apache-jmeter-5.2.1/Test Plans'
2020-03-31 18:10:05,473 INFO o.a.j.s.SaveService: Loading file: /home/thegentleman/Schreibtisch/JMeter Testing/apache-jmeter-5.2.1/Test Plans/Kafka Request-repl1-endless.jmx
2020-03-31 18:10:05,508 INFO o.a.j.v.ViewResultsFullVisualizer: Add JavaFX to your Java installation if you want to use renderer: org.apache.jmeter.visualizers.RenderInBrowser
2020-03-31 18:10:05,552 INFO o.a.j.s.FileServer: Set new base='/home/thegentleman/Schreibtisch/JMeter Testing/apache-jmeter-5.2.1/Test Plans'
2020-03-31 18:10:13,959 INFO o.a.j.g.a.Load: Loading file: /home/thegentleman/Schreibtisch/JMeter Testing/apache-jmeter-5.2.1/Test Plans/Kafka Request-repl1.jmx
2020-03-31 18:10:13,959 INFO o.a.j.s.FileServer: Set new base='/home/thegentleman/Schreibtisch/JMeter Testing/apache-jmeter-5.2.1/Test Plans'
2020-03-31 18:10:13,959 INFO o.a.j.s.SaveService: Loading file: /home/thegentleman/Schreibtisch/JMeter Testing/apache-jmeter-5.2.1/Test Plans/Kafka Request-repl1.jmx
2020-03-31 18:10:13,994 INFO o.a.j.v.ViewResultsFullVisualizer: Add JavaFX to your Java installation if you want to use renderer: org.apache.jmeter.visualizers.RenderInBrowser
2020-03-31 18:10:14,038 INFO o.a.j.s.FileServer: Set new base='/home/thegentleman/Schreibtisch/JMeter Testing/apache-jmeter-5.2.1/Test Plans'
